2021-02-10 17:07:05 INFO  cancelTicketTest:20 - --------------------------Cancel Ticket Test Starts Here---------------------------
2021-02-10 17:07:26 INFO  cancelTicketTest:43 - --------------------------Cancel Ticket Test Ends Here---------------------------
2021-02-10 17:07:26 DEBUG cache:45 - Couldn't find template in cache for "Extent.ftl"("en_IN", UTF-8, parsed); will try to load it.
2021-02-10 17:07:26 DEBUG cache:45 - TemplateLoader.findTemplateSource("Extent_en_IN.ftl"): Not found
2021-02-10 17:07:26 DEBUG cache:45 - TemplateLoader.findTemplateSource("Extent_en.ftl"): Not found
2021-02-10 17:07:26 DEBUG cache:45 - TemplateLoader.findTemplateSource("Extent.ftl"): Found
2021-02-10 17:07:26 DEBUG cache:45 - Loading template for "Extent.ftl"("en_IN", UTF-8, parsed) from "jar:file:/C:/Users/saurabhkumar04/.m2/repository/com/relevantcodes/extentreports/2.41.2/extentreports-2.41.2.jar!/com/relevantcodes/extentreports/view/Extent.ftl"
2021-02-10 17:07:26 DEBUG cache:45 - Couldn't find template in cache for "Extent.ftl"("en_IN", UTF-8, parsed); will try to load it.
2021-02-10 17:07:26 DEBUG cache:45 - TemplateLoader.findTemplateSource("Extent_en_IN.ftl"): Not found
2021-02-10 17:07:26 DEBUG cache:45 - TemplateLoader.findTemplateSource("Extent_en.ftl"): Not found
2021-02-10 17:07:26 DEBUG cache:45 - TemplateLoader.findTemplateSource("Extent.ftl"): Found
2021-02-10 17:07:26 DEBUG cache:45 - Loading template for "Extent.ftl"("en_IN", UTF-8, parsed) from "jar:file:/C:/Users/saurabhkumar04/.m2/repository/com/relevantcodes/extentreports/2.41.2/extentreports-2.41.2.jar!/com/relevantcodes/extentreports/view/Extent.ftl"
2021-02-10 17:38:35 DEBUG cache:45 - Couldn't find template in cache for "Extent.ftl"("en_IN", UTF-8, parsed); will try to load it.
2021-02-10 17:38:35 DEBUG cache:45 - TemplateLoader.findTemplateSource("Extent_en_IN.ftl"): Not found
2021-02-10 17:38:35 DEBUG cache:45 - TemplateLoader.findTemplateSource("Extent_en.ftl"): Not found
2021-02-10 17:38:35 DEBUG cache:45 - TemplateLoader.findTemplateSource("Extent.ftl"): Found
2021-02-10 17:38:35 DEBUG cache:45 - Loading template for "Extent.ftl"("en_IN", UTF-8, parsed) from "jar:file:/C:/Users/saurabhkumar04/.m2/repository/com/relevantcodes/extentreports/2.41.2/extentreports-2.41.2.jar!/com/relevantcodes/extentreports/view/Extent.ftl"
2021-02-10 17:38:35 DEBUG cache:45 - Couldn't find template in cache for "Extent.ftl"("en_IN", UTF-8, parsed); will try to load it.
2021-02-10 17:38:35 DEBUG cache:45 - TemplateLoader.findTemplateSource("Extent_en_IN.ftl"): Not found
2021-02-10 17:38:35 DEBUG cache:45 - TemplateLoader.findTemplateSource("Extent_en.ftl"): Not found
2021-02-10 17:38:35 DEBUG cache:45 - TemplateLoader.findTemplateSource("Extent.ftl"): Found
2021-02-10 17:38:35 DEBUG cache:45 - Loading template for "Extent.ftl"("en_IN", UTF-8, parsed) from "jar:file:/C:/Users/saurabhkumar04/.m2/repository/com/relevantcodes/extentreports/2.41.2/extentreports-2.41.2.jar!/com/relevantcodes/extentreports/view/Extent.ftl"
2021-02-10 17:39:25 INFO  cancelTicketTest:20 - *************************Cancel Ticket Test Starts Here********************
2021-02-10 17:39:48 DEBUG cache:45 - Couldn't find template in cache for "Extent.ftl"("en_IN", UTF-8, parsed); will try to load it.
2021-02-10 17:39:48 DEBUG cache:45 - TemplateLoader.findTemplateSource("Extent_en_IN.ftl"): Not found
2021-02-10 17:39:48 DEBUG cache:45 - TemplateLoader.findTemplateSource("Extent_en.ftl"): Not found
2021-02-10 17:39:48 DEBUG cache:45 - TemplateLoader.findTemplateSource("Extent.ftl"): Found
2021-02-10 17:39:48 DEBUG cache:45 - Loading template for "Extent.ftl"("en_IN", UTF-8, parsed) from "jar:file:/C:/Users/saurabhkumar04/.m2/repository/com/relevantcodes/extentreports/2.41.2/extentreports-2.41.2.jar!/com/relevantcodes/extentreports/view/Extent.ftl"
2021-02-10 17:39:48 DEBUG cache:45 - Couldn't find template in cache for "Extent.ftl"("en_IN", UTF-8, parsed); will try to load it.
2021-02-10 17:39:48 DEBUG cache:45 - TemplateLoader.findTemplateSource("Extent_en_IN.ftl"): Not found
2021-02-10 17:39:48 DEBUG cache:45 - TemplateLoader.findTemplateSource("Extent_en.ftl"): Not found
2021-02-10 17:39:48 DEBUG cache:45 - TemplateLoader.findTemplateSource("Extent.ftl"): Found
2021-02-10 17:39:48 DEBUG cache:45 - Loading template for "Extent.ftl"("en_IN", UTF-8, parsed) from "jar:file:/C:/Users/saurabhkumar04/.m2/repository/com/relevantcodes/extentreports/2.41.2/extentreports-2.41.2.jar!/com/relevantcodes/extentreports/view/Extent.ftl"
2021-02-10 17:40:20 INFO  cancelTicketTest:20 - *************************Cancel Ticket Test Starts Here********************
2021-02-10 17:40:40 INFO  cancelTicketTest:43 - *************************Cancel Ticket Test Starts Here********************
2021-02-10 17:40:40 DEBUG cache:45 - Couldn't find template in cache for "Extent.ftl"("en_IN", UTF-8, parsed); will try to load it.
2021-02-10 17:40:40 DEBUG cache:45 - TemplateLoader.findTemplateSource("Extent_en_IN.ftl"): Not found
2021-02-10 17:40:40 DEBUG cache:45 - TemplateLoader.findTemplateSource("Extent_en.ftl"): Not found
2021-02-10 17:40:40 DEBUG cache:45 - TemplateLoader.findTemplateSource("Extent.ftl"): Found
2021-02-10 17:40:40 DEBUG cache:45 - Loading template for "Extent.ftl"("en_IN", UTF-8, parsed) from "jar:file:/C:/Users/saurabhkumar04/.m2/repository/com/relevantcodes/extentreports/2.41.2/extentreports-2.41.2.jar!/com/relevantcodes/extentreports/view/Extent.ftl"
2021-02-10 17:40:40 DEBUG cache:45 - Couldn't find template in cache for "Extent.ftl"("en_IN", UTF-8, parsed); will try to load it.
2021-02-10 17:40:40 DEBUG cache:45 - TemplateLoader.findTemplateSource("Extent_en_IN.ftl"): Not found
2021-02-10 17:40:40 DEBUG cache:45 - TemplateLoader.findTemplateSource("Extent_en.ftl"): Not found
2021-02-10 17:40:40 DEBUG cache:45 - TemplateLoader.findTemplateSource("Extent.ftl"): Found
2021-02-10 17:40:40 DEBUG cache:45 - Loading template for "Extent.ftl"("en_IN", UTF-8, parsed) from "jar:file:/C:/Users/saurabhkumar04/.m2/repository/com/relevantcodes/extentreports/2.41.2/extentreports-2.41.2.jar!/com/relevantcodes/extentreports/view/Extent.ftl"
2021-02-11 14:26:37 INFO  cancelTicketTest:24 - *************************Completed Trip Test Starts Here********************
2021-02-11 14:27:37 INFO  cancelTicketTest:56 - *************************Completed Trip Test Ends Here********************
2021-02-11 14:27:38 INFO  cancelTicketTest:74 - *************************Fail Completed Trip Starts Ends Here********************
2021-02-11 14:28:03 INFO  cancelTicketTest:29 - *************************Profile Check Test Starts Here********************
2021-02-11 14:29:08 INFO  cancelTicketTest:58 - *************************Profile Check Test Ends Here********************
2021-02-11 14:29:09 INFO  cancelTicketTest:25 - *************************Modify Page Test Starts Here********************
2021-02-11 14:29:42 INFO  cancelTicketTest:57 - *************************Modify page Test Ends Here********************
2021-02-11 14:29:42 INFO  cancelTicketTest:24 - *************************Shwo My Ticket Test Starts Here********************
2021-02-11 14:30:00 INFO  cancelTicketTest:49 - *************************Show My Ticket Test Ends Here********************
2021-02-11 14:30:01 INFO  cancelTicketTest:24 - *************************My Trip Test Starts Here********************
2021-02-11 14:30:55 INFO  cancelTicketTest:53 - *************************My Trip Test Ends Here********************
2021-02-11 14:30:56 INFO  cancelTicketTest:69 - *************************My Trip failed Test Starts Here********************
2021-02-11 14:31:21 INFO  cancelTicketTest:23 - *************************Wallet Info Test Starts Here********************
2021-02-11 14:32:06 INFO  cancelTicketTest:50 - *************************Wallet Info Test Ends Here********************
2021-02-11 14:32:07 INFO  cancelTicketTest:60 - *************************Invalid signIn Test Starts Here********************
2021-02-11 14:32:43 INFO  cancelTicketTest:70 - *************************Invalid SignOut Test Starts Here********************
2021-02-11 14:33:37 INFO  cancelTicketTest:24 - ************************Valid Sign Out Test Starts Here********************
2021-02-11 14:34:25 INFO  cancelTicketTest:53 - *************************Valid SignOut Test Ends Here********************
2021-02-11 14:34:25 INFO  cancelTicketTest:24 - *************************rPool Test Starts Here********************
2021-02-11 14:35:03 INFO  cancelTicketTest:41 - *************************rPool Test Ends Here********************
2021-02-11 14:35:04 INFO  cancelTicketTest:25 - *************************Know More Test Starts Here********************
2021-02-11 14:35:17 INFO  cancelTicketTest:22 - ************************Wallet Balance Check Test Starts Here********************
2021-02-11 14:36:23 INFO  cancelTicketTest:49 - *************************Wallet Balance Check Test Ends Here********************
2021-02-11 14:36:24 INFO  cancelTicketTest:25 - *************************Search Buses Test Starts Here********************
2021-02-11 14:36:39 INFO  cancelTicketTest:48 - *************************Search Buses Test Ends Here********************
2021-02-11 14:36:40 INFO  cancelTicketTest:20 - *************************Cancel Ticket Test Starts Here********************
2021-02-11 14:36:59 INFO  cancelTicketTest:43 - *************************Cancel Ticket Test Starts Here********************
2021-02-11 14:36:59 INFO  cancelTicketTest:26 - *************************Safety Program Test Starts Here********************
2021-02-11 14:37:05 INFO  cancelTicketTest:41 - *************************Safety Program Test Ends Here********************
2021-02-11 14:37:05 INFO  cancelTicketTest:80 - *************************Invalid Update Profile Test Starts Here********************
2021-02-11 14:37:56 INFO  cancelTicketTest:27 - *************************Update Profile Test Starts Here********************
2021-02-11 14:38:46 INFO  cancelTicketTest:63 - *************************Update Profile Test Ends Here********************
2021-02-11 14:38:46 DEBUG cache:45 - Couldn't find template in cache for "Extent.ftl"("en_IN", UTF-8, parsed); will try to load it.
2021-02-11 14:38:46 DEBUG cache:45 - TemplateLoader.findTemplateSource("Extent_en_IN.ftl"): Not found
2021-02-11 14:38:46 DEBUG cache:45 - TemplateLoader.findTemplateSource("Extent_en.ftl"): Not found
2021-02-11 14:38:46 DEBUG cache:45 - TemplateLoader.findTemplateSource("Extent.ftl"): Found
2021-02-11 14:38:46 DEBUG cache:45 - Loading template for "Extent.ftl"("en_IN", UTF-8, parsed) from "jar:file:/C:/Users/saurabhkumar04/.m2/repository/com/relevantcodes/extentreports/2.41.2/extentreports-2.41.2.jar!/com/relevantcodes/extentreports/view/Extent.ftl"
2021-02-11 14:38:46 DEBUG cache:45 - Couldn't find template in cache for "Extent.ftl"("en_IN", UTF-8, parsed); will try to load it.
2021-02-11 14:38:46 DEBUG cache:45 - TemplateLoader.findTemplateSource("Extent_en_IN.ftl"): Not found
2021-02-11 14:38:46 DEBUG cache:45 - TemplateLoader.findTemplateSource("Extent_en.ftl"): Not found
2021-02-11 14:38:46 DEBUG cache:45 - TemplateLoader.findTemplateSource("Extent.ftl"): Found
2021-02-11 14:38:46 DEBUG cache:45 - Loading template for "Extent.ftl"("en_IN", UTF-8, parsed) from "jar:file:/C:/Users/saurabhkumar04/.m2/repository/com/relevantcodes/extentreports/2.41.2/extentreports-2.41.2.jar!/com/relevantcodes/extentreports/view/Extent.ftl"
2021-02-11 14:47:24 INFO  cancelTicketTest:20 - *************************Cancel Ticket Test Starts Here********************
2021-02-11 14:47:54 INFO  cancelTicketTest:24 - *************************Completed Trip Test Starts Here********************
2021-02-11 14:48:53 INFO  cancelTicketTest:56 - *************************Completed Trip Test Ends Here********************
2021-02-11 14:48:54 INFO  cancelTicketTest:74 - *************************Fail Completed Trip Starts Ends Here********************
2021-02-11 14:49:56 INFO  cancelTicketTest:25 - *************************Know More Test Starts Here********************
2021-02-11 14:50:12 INFO  cancelTicketTest:25 - *************************Modify Page Test Starts Here********************
2021-02-11 14:50:45 INFO  cancelTicketTest:57 - *************************Modify page Test Ends Here********************
2021-02-11 14:50:45 INFO  cancelTicketTest:29 - *************************Profile Check Test Starts Here********************
2021-02-11 14:51:51 INFO  cancelTicketTest:58 - *************************Profile Check Test Ends Here********************
2021-02-11 14:51:52 INFO  cancelTicketTest:24 - *************************My Trip Test Starts Here********************
2021-02-11 14:52:47 INFO  cancelTicketTest:53 - *************************My Trip Test Ends Here********************
2021-02-11 14:52:48 INFO  cancelTicketTest:69 - *************************My Trip failed Test Starts Here********************
2021-02-11 14:53:44 INFO  cancelTicketTest:24 - *************************rPool Test Starts Here********************
2021-02-11 14:54:22 INFO  cancelTicketTest:41 - *************************rPool Test Ends Here********************
2021-02-11 14:54:22 INFO  cancelTicketTest:26 - *************************Safety Program Test Starts Here********************
2021-02-11 14:54:27 INFO  cancelTicketTest:41 - *************************Safety Program Test Ends Here********************
2021-02-11 14:54:28 INFO  cancelTicketTest:25 - *************************Search Buses Test Starts Here********************
2021-02-11 14:54:45 INFO  cancelTicketTest:48 - *************************Search Buses Test Ends Here********************
2021-02-11 14:54:46 INFO  cancelTicketTest:24 - *************************Shwo My Ticket Test Starts Here********************
2021-02-11 14:55:04 INFO  cancelTicketTest:49 - *************************Show My Ticket Test Ends Here********************
2021-02-11 14:55:05 INFO  cancelTicketTest:60 - *************************Invalid signIn Test Starts Here********************
2021-02-11 14:55:38 INFO  cancelTicketTest:23 - *************************Valid SignIn Test Starts Here********************
2021-02-11 14:56:23 INFO  cancelTicketTest:43 - *************************Valid signIn Test Ends Here********************
2021-02-11 14:56:24 INFO  cancelTicketTest:70 - *************************Invalid SignOut Test Starts Here********************
2021-02-11 14:57:18 INFO  cancelTicketTest:24 - ************************Valid Sign Out Test Starts Here********************
2021-02-11 14:58:06 INFO  cancelTicketTest:53 - *************************Valid SignOut Test Ends Here********************
2021-02-11 14:58:06 INFO  cancelTicketTest:80 - *************************Invalid Update Profile Test Starts Here********************
2021-02-11 14:58:57 INFO  cancelTicketTest:27 - *************************Update Profile Test Starts Here********************
2021-02-11 14:59:46 INFO  cancelTicketTest:63 - *************************Update Profile Test Ends Here********************
2021-02-11 14:59:47 INFO  cancelTicketTest:23 - *************************Wallet Info Test Starts Here********************
2021-02-11 15:00:33 INFO  cancelTicketTest:50 - *************************Wallet Info Test Ends Here********************
2021-02-11 15:00:33 INFO  cancelTicketTest:22 - ************************Wallet Balance Check Test Starts Here********************
2021-02-11 15:01:39 INFO  cancelTicketTest:49 - *************************Wallet Balance Check Test Ends Here********************
2021-02-11 15:01:40 DEBUG cache:45 - Couldn't find template in cache for "Extent.ftl"("en_IN", UTF-8, parsed); will try to load it.
2021-02-11 15:01:40 DEBUG cache:45 - TemplateLoader.findTemplateSource("Extent_en_IN.ftl"): Not found
2021-02-11 15:01:40 DEBUG cache:45 - TemplateLoader.findTemplateSource("Extent_en.ftl"): Not found
2021-02-11 15:01:40 DEBUG cache:45 - TemplateLoader.findTemplateSource("Extent.ftl"): Found
2021-02-11 15:01:40 DEBUG cache:45 - Loading template for "Extent.ftl"("en_IN", UTF-8, parsed) from "jar:file:/C:/Users/saurabhkumar04/.m2/repository/com/relevantcodes/extentreports/2.41.2/extentreports-2.41.2.jar!/com/relevantcodes/extentreports/view/Extent.ftl"
2021-02-11 15:01:40 DEBUG cache:45 - Couldn't find template in cache for "Extent.ftl"("en_IN", UTF-8, parsed); will try to load it.
2021-02-11 15:01:40 DEBUG cache:45 - TemplateLoader.findTemplateSource("Extent_en_IN.ftl"): Not found
2021-02-11 15:01:40 DEBUG cache:45 - TemplateLoader.findTemplateSource("Extent_en.ftl"): Not found
2021-02-11 15:01:40 DEBUG cache:45 - TemplateLoader.findTemplateSource("Extent.ftl"): Found
2021-02-11 15:01:40 DEBUG cache:45 - Loading template for "Extent.ftl"("en_IN", UTF-8, parsed) from "jar:file:/C:/Users/saurabhkumar04/.m2/repository/com/relevantcodes/extentreports/2.41.2/extentreports-2.41.2.jar!/com/relevantcodes/extentreports/view/Extent.ftl"
2021-02-11 15:17:14 INFO  cancelTicketTest:20 - *************************Cancel Ticket Test Starts Here********************
2021-02-11 15:17:34 INFO  cancelTicketTest:43 - *************************Cancel Ticket Test Starts Here********************
2021-02-11 15:17:35 DEBUG cache:45 - Couldn't find template in cache for "Extent.ftl"("en_IN", UTF-8, parsed); will try to load it.
2021-02-11 15:17:35 DEBUG cache:45 - TemplateLoader.findTemplateSource("Extent_en_IN.ftl"): Not found
2021-02-11 15:17:35 DEBUG cache:45 - TemplateLoader.findTemplateSource("Extent_en.ftl"): Not found
2021-02-11 15:17:35 DEBUG cache:45 - TemplateLoader.findTemplateSource("Extent.ftl"): Found
2021-02-11 15:17:35 DEBUG cache:45 - Loading template for "Extent.ftl"("en_IN", UTF-8, parsed) from "jar:file:/C:/Users/saurabhkumar04/.m2/repository/com/relevantcodes/extentreports/2.41.2/extentreports-2.41.2.jar!/com/relevantcodes/extentreports/view/Extent.ftl"
2021-02-11 15:17:35 DEBUG cache:45 - Couldn't find template in cache for "Extent.ftl"("en_IN", UTF-8, parsed); will try to load it.
2021-02-11 15:17:35 DEBUG cache:45 - TemplateLoader.findTemplateSource("Extent_en_IN.ftl"): Not found
2021-02-11 15:17:35 DEBUG cache:45 - TemplateLoader.findTemplateSource("Extent_en.ftl"): Not found
2021-02-11 15:17:35 DEBUG cache:45 - TemplateLoader.findTemplateSource("Extent.ftl"): Found
2021-02-11 15:17:35 DEBUG cache:45 - Loading template for "Extent.ftl"("en_IN", UTF-8, parsed) from "jar:file:/C:/Users/saurabhkumar04/.m2/repository/com/relevantcodes/extentreports/2.41.2/extentreports-2.41.2.jar!/com/relevantcodes/extentreports/view/Extent.ftl"
2021-02-11 15:25:27 INFO  cancelTicketTest:24 - *************************Completed Trip Test Starts Here********************
2021-02-11 15:26:29 INFO  cancelTicketTest:56 - *************************Completed Trip Test Ends Here********************
2021-02-11 15:26:30 INFO  cancelTicketTest:74 - *************************Fail Completed Trip Starts Ends Here********************
2021-02-11 15:27:32 INFO  cancelTicketTest:29 - *************************Profile Check Test Starts Here********************
2021-02-11 15:28:37 INFO  cancelTicketTest:58 - *************************Profile Check Test Ends Here********************
2021-02-11 15:28:37 INFO  cancelTicketTest:25 - *************************Modify Page Test Starts Here********************
2021-02-11 15:29:10 INFO  cancelTicketTest:57 - *************************Modify page Test Ends Here********************
2021-02-11 15:29:10 INFO  cancelTicketTest:24 - *************************Shwo My Ticket Test Starts Here********************
2021-02-11 15:29:28 INFO  cancelTicketTest:49 - *************************Show My Ticket Test Ends Here********************
2021-02-11 15:29:29 INFO  cancelTicketTest:24 - *************************My Trip Test Starts Here********************
2021-02-11 15:30:23 INFO  cancelTicketTest:53 - *************************My Trip Test Ends Here********************
2021-02-11 15:30:24 INFO  cancelTicketTest:69 - *************************My Trip failed Test Starts Here********************
2021-02-11 15:31:19 INFO  cancelTicketTest:23 - *************************Wallet Info Test Starts Here********************
2021-02-11 15:32:04 INFO  cancelTicketTest:50 - *************************Wallet Info Test Ends Here********************
2021-02-11 15:32:05 INFO  cancelTicketTest:60 - *************************Invalid signIn Test Starts Here********************
2021-02-11 15:32:38 INFO  cancelTicketTest:23 - *************************Valid SignIn Test Starts Here********************
2021-02-11 15:33:23 INFO  cancelTicketTest:43 - *************************Valid signIn Test Ends Here********************
2021-02-11 15:33:23 INFO  cancelTicketTest:70 - *************************Invalid SignOut Test Starts Here********************
2021-02-11 15:34:17 INFO  cancelTicketTest:24 - ************************Valid Sign Out Test Starts Here********************
2021-02-11 15:35:04 INFO  cancelTicketTest:53 - *************************Valid SignOut Test Ends Here********************
2021-02-11 15:35:04 INFO  cancelTicketTest:24 - *************************rPool Test Starts Here********************
2021-02-11 15:35:41 INFO  cancelTicketTest:41 - *************************rPool Test Ends Here********************
2021-02-11 15:35:42 INFO  cancelTicketTest:25 - *************************Know More Test Starts Here********************
2021-02-11 15:35:53 INFO  cancelTicketTest:22 - ************************Wallet Balance Check Test Starts Here********************
2021-02-11 15:36:58 INFO  cancelTicketTest:49 - *************************Wallet Balance Check Test Ends Here********************
2021-02-11 15:36:58 INFO  cancelTicketTest:25 - *************************Search Buses Test Starts Here********************
2021-02-11 15:37:15 INFO  cancelTicketTest:48 - *************************Search Buses Test Ends Here********************
2021-02-11 15:37:16 INFO  cancelTicketTest:20 - *************************Cancel Ticket Test Starts Here********************
2021-02-11 15:37:34 INFO  cancelTicketTest:43 - *************************Cancel Ticket Test Starts Here********************
2021-02-11 15:37:35 INFO  cancelTicketTest:26 - *************************Safety Program Test Starts Here********************
2021-02-11 15:39:24 INFO  cancelTicketTest:41 - *************************Safety Program Test Ends Here********************
2021-02-11 15:39:24 INFO  cancelTicketTest:80 - *************************Invalid Update Profile Test Starts Here********************
2021-02-11 15:40:13 INFO  cancelTicketTest:27 - *************************Update Profile Test Starts Here********************
2021-02-11 15:41:00 DEBUG cache:45 - Couldn't find template in cache for "Extent.ftl"("en_IN", UTF-8, parsed); will try to load it.
2021-02-11 15:41:00 DEBUG cache:45 - TemplateLoader.findTemplateSource("Extent_en_IN.ftl"): Not found
2021-02-11 15:41:00 DEBUG cache:45 - TemplateLoader.findTemplateSource("Extent_en.ftl"): Not found
2021-02-11 15:41:00 DEBUG cache:45 - TemplateLoader.findTemplateSource("Extent.ftl"): Found
2021-02-11 15:41:00 DEBUG cache:45 - Loading template for "Extent.ftl"("en_IN", UTF-8, parsed) from "jar:file:/C:/Users/saurabhkumar04/.m2/repository/com/relevantcodes/extentreports/2.41.2/extentreports-2.41.2.jar!/com/relevantcodes/extentreports/view/Extent.ftl"
2021-02-11 15:41:01 DEBUG cache:45 - Couldn't find template in cache for "Extent.ftl"("en_IN", UTF-8, parsed); will try to load it.
2021-02-11 15:41:01 DEBUG cache:45 - TemplateLoader.findTemplateSource("Extent_en_IN.ftl"): Not found
2021-02-11 15:41:01 DEBUG cache:45 - TemplateLoader.findTemplateSource("Extent_en.ftl"): Not found
2021-02-11 15:41:01 DEBUG cache:45 - TemplateLoader.findTemplateSource("Extent.ftl"): Found
2021-02-11 15:41:01 DEBUG cache:45 - Loading template for "Extent.ftl"("en_IN", UTF-8, parsed) from "jar:file:/C:/Users/saurabhkumar04/.m2/repository/com/relevantcodes/extentreports/2.41.2/extentreports-2.41.2.jar!/com/relevantcodes/extentreports/view/Extent.ftl"
2021-02-11 16:50:50 INFO  cancelTicketTest:23 - *************************Valid SignIn Test Starts Here********************
2021-02-11 16:51:37 INFO  cancelTicketTest:43 - *************************Valid signIn Test Ends Here********************
2021-02-11 16:51:37 DEBUG cache:45 - Couldn't find template in cache for "Extent.ftl"("en_IN", UTF-8, parsed); will try to load it.
2021-02-11 16:51:37 DEBUG cache:45 - TemplateLoader.findTemplateSource("Extent_en_IN.ftl"): Not found
2021-02-11 16:51:37 DEBUG cache:45 - TemplateLoader.findTemplateSource("Extent_en.ftl"): Not found
2021-02-11 16:51:37 DEBUG cache:45 - TemplateLoader.findTemplateSource("Extent.ftl"): Found
2021-02-11 16:51:37 DEBUG cache:45 - Loading template for "Extent.ftl"("en_IN", UTF-8, parsed) from "jar:file:/C:/Users/saurabhkumar04/.m2/repository/com/relevantcodes/extentreports/2.41.2/extentreports-2.41.2.jar!/com/relevantcodes/extentreports/view/Extent.ftl"
2021-02-11 16:51:37 DEBUG cache:45 - Couldn't find template in cache for "Extent.ftl"("en_IN", UTF-8, parsed); will try to load it.
2021-02-11 16:51:37 DEBUG cache:45 - TemplateLoader.findTemplateSource("Extent_en_IN.ftl"): Not found
2021-02-11 16:51:37 DEBUG cache:45 - TemplateLoader.findTemplateSource("Extent_en.ftl"): Not found
2021-02-11 16:51:37 DEBUG cache:45 - TemplateLoader.findTemplateSource("Extent.ftl"): Found
2021-02-11 16:51:37 DEBUG cache:45 - Loading template for "Extent.ftl"("en_IN", UTF-8, parsed) from "jar:file:/C:/Users/saurabhkumar04/.m2/repository/com/relevantcodes/extentreports/2.41.2/extentreports-2.41.2.jar!/com/relevantcodes/extentreports/view/Extent.ftl"
2021-02-11 16:59:31 DEBUG cache:45 - Couldn't find template in cache for "Extent.ftl"("en_IN", UTF-8, parsed); will try to load it.
2021-02-11 16:59:31 DEBUG cache:45 - TemplateLoader.findTemplateSource("Extent_en_IN.ftl"): Not found
2021-02-11 16:59:31 DEBUG cache:45 - TemplateLoader.findTemplateSource("Extent_en.ftl"): Not found
2021-02-11 16:59:31 DEBUG cache:45 - TemplateLoader.findTemplateSource("Extent.ftl"): Found
2021-02-11 16:59:31 DEBUG cache:45 - Loading template for "Extent.ftl"("en_IN", UTF-8, parsed) from "jar:file:/C:/Users/saurabhkumar04/.m2/repository/com/relevantcodes/extentreports/2.41.2/extentreports-2.41.2.jar!/com/relevantcodes/extentreports/view/Extent.ftl"
2021-02-11 16:59:31 DEBUG cache:45 - Couldn't find template in cache for "Extent.ftl"("en_IN", UTF-8, parsed); will try to load it.
2021-02-11 16:59:31 DEBUG cache:45 - TemplateLoader.findTemplateSource("Extent_en_IN.ftl"): Not found
2021-02-11 16:59:31 DEBUG cache:45 - TemplateLoader.findTemplateSource("Extent_en.ftl"): Not found
2021-02-11 16:59:31 DEBUG cache:45 - TemplateLoader.findTemplateSource("Extent.ftl"): Found
2021-02-11 16:59:31 DEBUG cache:45 - Loading template for "Extent.ftl"("en_IN", UTF-8, parsed) from "jar:file:/C:/Users/saurabhkumar04/.m2/repository/com/relevantcodes/extentreports/2.41.2/extentreports-2.41.2.jar!/com/relevantcodes/extentreports/view/Extent.ftl"
2021-02-11 17:00:33 INFO  busOperatorTest:37 - Buses found successfully
2021-02-11 17:00:34 DEBUG cache:45 - Couldn't find template in cache for "Extent.ftl"("en_IN", UTF-8, parsed); will try to load it.
2021-02-11 17:00:34 DEBUG cache:45 - TemplateLoader.findTemplateSource("Extent_en_IN.ftl"): Not found
2021-02-11 17:00:34 DEBUG cache:45 - TemplateLoader.findTemplateSource("Extent_en.ftl"): Not found
2021-02-11 17:00:34 DEBUG cache:45 - TemplateLoader.findTemplateSource("Extent.ftl"): Found
2021-02-11 17:00:34 DEBUG cache:45 - Loading template for "Extent.ftl"("en_IN", UTF-8, parsed) from "jar:file:/C:/Users/saurabhkumar04/.m2/repository/com/relevantcodes/extentreports/2.41.2/extentreports-2.41.2.jar!/com/relevantcodes/extentreports/view/Extent.ftl"
2021-02-11 17:00:34 DEBUG cache:45 - Couldn't find template in cache for "Extent.ftl"("en_IN", UTF-8, parsed); will try to load it.
2021-02-11 17:00:34 DEBUG cache:45 - TemplateLoader.findTemplateSource("Extent_en_IN.ftl"): Not found
2021-02-11 17:00:34 DEBUG cache:45 - TemplateLoader.findTemplateSource("Extent_en.ftl"): Not found
2021-02-11 17:00:34 DEBUG cache:45 - TemplateLoader.findTemplateSource("Extent.ftl"): Found
2021-02-11 17:00:34 DEBUG cache:45 - Loading template for "Extent.ftl"("en_IN", UTF-8, parsed) from "jar:file:/C:/Users/saurabhkumar04/.m2/repository/com/relevantcodes/extentreports/2.41.2/extentreports-2.41.2.jar!/com/relevantcodes/extentreports/view/Extent.ftl"
2021-02-11 17:01:43 INFO  busOperatorTest:57 - Bus operators found successfully
2021-02-11 17:01:43 DEBUG cache:45 - Couldn't find template in cache for "Extent.ftl"("en_IN", UTF-8, parsed); will try to load it.
2021-02-11 17:01:43 DEBUG cache:45 - TemplateLoader.findTemplateSource("Extent_en_IN.ftl"): Not found
2021-02-11 17:01:43 DEBUG cache:45 - TemplateLoader.findTemplateSource("Extent_en.ftl"): Not found
2021-02-11 17:01:43 DEBUG cache:45 - TemplateLoader.findTemplateSource("Extent.ftl"): Found
2021-02-11 17:01:43 DEBUG cache:45 - Loading template for "Extent.ftl"("en_IN", UTF-8, parsed) from "jar:file:/C:/Users/saurabhkumar04/.m2/repository/com/relevantcodes/extentreports/2.41.2/extentreports-2.41.2.jar!/com/relevantcodes/extentreports/view/Extent.ftl"
2021-02-11 17:01:43 DEBUG cache:45 - Couldn't find template in cache for "Extent.ftl"("en_IN", UTF-8, parsed); will try to load it.
2021-02-11 17:01:43 DEBUG cache:45 - TemplateLoader.findTemplateSource("Extent_en_IN.ftl"): Not found
2021-02-11 17:01:43 DEBUG cache:45 - TemplateLoader.findTemplateSource("Extent_en.ftl"): Not found
2021-02-11 17:01:43 DEBUG cache:45 - TemplateLoader.findTemplateSource("Extent.ftl"): Found
2021-02-11 17:01:43 DEBUG cache:45 - Loading template for "Extent.ftl"("en_IN", UTF-8, parsed) from "jar:file:/C:/Users/saurabhkumar04/.m2/repository/com/relevantcodes/extentreports/2.41.2/extentreports-2.41.2.jar!/com/relevantcodes/extentreports/view/Extent.ftl"
2021-02-11 17:27:47 INFO  cancelTicketTest:23 - *************************Valid SignIn Test Starts Here********************
2021-02-11 17:28:35 INFO  cancelTicketTest:43 - *************************Valid signIn Test Ends Here********************
2021-02-11 17:28:36 DEBUG cache:45 - Couldn't find template in cache for "Extent.ftl"("en_IN", UTF-8, parsed); will try to load it.
2021-02-11 17:28:36 DEBUG cache:45 - TemplateLoader.findTemplateSource("Extent_en_IN.ftl"): Not found
2021-02-11 17:28:36 DEBUG cache:45 - TemplateLoader.findTemplateSource("Extent_en.ftl"): Not found
2021-02-11 17:28:36 DEBUG cache:45 - TemplateLoader.findTemplateSource("Extent.ftl"): Found
2021-02-11 17:28:36 DEBUG cache:45 - Loading template for "Extent.ftl"("en_IN", UTF-8, parsed) from "jar:file:/C:/Users/saurabhkumar04/.m2/repository/com/relevantcodes/extentreports/2.41.2/extentreports-2.41.2.jar!/com/relevantcodes/extentreports/view/Extent.ftl"
2021-02-11 17:28:36 DEBUG cache:45 - Couldn't find template in cache for "Extent.ftl"("en_IN", UTF-8, parsed); will try to load it.
2021-02-11 17:28:36 DEBUG cache:45 - TemplateLoader.findTemplateSource("Extent_en_IN.ftl"): Not found
2021-02-11 17:28:36 DEBUG cache:45 - TemplateLoader.findTemplateSource("Extent_en.ftl"): Not found
2021-02-11 17:28:36 DEBUG cache:45 - TemplateLoader.findTemplateSource("Extent.ftl"): Found
2021-02-11 17:28:36 DEBUG cache:45 - Loading template for "Extent.ftl"("en_IN", UTF-8, parsed) from "jar:file:/C:/Users/saurabhkumar04/.m2/repository/com/relevantcodes/extentreports/2.41.2/extentreports-2.41.2.jar!/com/relevantcodes/extentreports/view/Extent.ftl"
